[17-Sep-2018 19:25:12 UTC] PHP Parse error:  syntax error, unexpected '}', expecting ',' or ';' in /home/ubuntu/workspace/cst336/practice/rps.php on line 68
[17-Sep-2018 19:25:31 UTC] PHP Parse error:  syntax error, unexpected '}', expecting ',' or ';' in /home/ubuntu/workspace/cst336/practice/rps.php on line 68
[17-Sep-2018 19:55:53 UTC] PHP Parse error:  syntax error, unexpected 'row' (T_STRING), expecting ',' or ';' in /home/ubuntu/workspace/cst336/practice/rps.php on line 94
[12-Dec-2018 10:42:31 UTC] PHP Warning:  include(header.php): failed to open stream: No such file or directory in /home/ubuntu/workspace/cst336/finalProject/index.php on line 13
[12-Dec-2018 10:42:31 UTC] PHP Stack trace:
[12-Dec-2018 10:42:31 UTC] PHP   1. {main}() /home/ubuntu/workspace/cst336/finalProject/index.php:0
[12-Dec-2018 10:42:31 UTC] PHP Warning:  include(): Failed opening 'header.php' for inclusion (include_path='.:/usr/share/php:/usr/share/pear') in /home/ubuntu/workspace/cst336/finalProject/index.php on line 13
[12-Dec-2018 10:42:31 UTC] PHP Stack trace:
[12-Dec-2018 10:42:31 UTC] PHP   1. {main}() /home/ubuntu/workspace/cst336/finalProject/index.php:0
[12-Dec-2018 10:52:20 UTC] PHP Warning:  include(../../inc/dbConnection.php): failed to open stream: No such file or directory in /home/ubuntu/workspace/cst336/finalProject/login.php on line 4
[12-Dec-2018 10:52:20 UTC] PHP Stack trace:
[12-Dec-2018 10:52:20 UTC] PHP   1. {main}() /home/ubuntu/workspace/cst336/finalProject/login.php:0
[12-Dec-2018 10:52:20 UTC] PHP Warning:  include(): Failed opening '../../inc/dbConnection.php' for inclusion (include_path='.:/usr/share/php:/usr/share/pear') in /home/ubuntu/workspace/cst336/finalProject/login.php on line 4
[12-Dec-2018 10:52:20 UTC] PHP Stack trace:
[12-Dec-2018 10:52:20 UTC] PHP   1. {main}() /home/ubuntu/workspace/cst336/finalProject/login.php:0
[12-Dec-2018 10:52:20 UTC] PHP Fatal error:  Call to undefined function startConnection() in /home/ubuntu/workspace/cst336/finalProject/login.php on line 5
[12-Dec-2018 10:52:20 UTC] PHP Stack trace:
[12-Dec-2018 10:52:20 UTC] PHP   1. {main}() /home/ubuntu/workspace/cst336/finalProject/login.php:0
[12-Dec-2018 10:52:54 UTC] PHP Fatal error:  Uncaught exception 'PDOException' with message 'SQLSTATE[42S02]: Base table or view not found: 1146 Table 'su_wiki.om_admin' doesn't exist' in /home/ubuntu/workspace/cst336/finalProject/login.php:23
Stack trace:
#0 /home/ubuntu/workspace/cst336/finalProject/login.php(23): PDOStatement->execute(Array)
#1 {main}
  thrown in /home/ubuntu/workspace/cst336/finalProject/login.php on line 23
[12-Dec-2018 12:45:29 UTC] PHP Warning:  include(../../inc/dbConnection.php): failed to open stream: No such file or directory in /home/ubuntu/workspace/cst336/finalProject/inc/functions.php on line 2
[12-Dec-2018 12:45:29 UTC] PHP Stack trace:
[12-Dec-2018 12:45:29 UTC] PHP   1. {main}() /home/ubuntu/workspace/cst336/finalProject/characters.php:0
[12-Dec-2018 12:45:29 UTC] PHP   2. include() /home/ubuntu/workspace/cst336/finalProject/characters.php:1
[12-Dec-2018 12:45:29 UTC] PHP Warning:  include(): Failed opening '../../inc/dbConnection.php' for inclusion (include_path='.:/usr/share/php:/usr/share/pear') in /home/ubuntu/workspace/cst336/finalProject/inc/functions.php on line 2
[12-Dec-2018 12:45:29 UTC] PHP Stack trace:
[12-Dec-2018 12:45:29 UTC] PHP   1. {main}() /home/ubuntu/workspace/cst336/finalProject/characters.php:0
[12-Dec-2018 12:45:29 UTC] PHP   2. include() /home/ubuntu/workspace/cst336/finalProject/characters.php:1
[12-Dec-2018 12:45:29 UTC] PHP Fatal error:  Call to undefined function startConnection() in /home/ubuntu/workspace/cst336/finalProject/inc/functions.php on line 3
[12-Dec-2018 12:45:29 UTC] PHP Stack trace:
[12-Dec-2018 12:45:29 UTC] PHP   1. {main}() /home/ubuntu/workspace/cst336/finalProject/characters.php:0
[12-Dec-2018 12:45:29 UTC] PHP   2. include() /home/ubuntu/workspace/cst336/finalProject/characters.php:1
