[01-Oct-2018 09:01:16 UTC] PHP Fatal error:  Maximum execution time of 300 seconds exceeded in /home/ubuntu/workspace/cst336/labs/lab4/index.php on line 38
[01-Oct-2018 09:01:16 UTC] PHP Stack trace:
[01-Oct-2018 09:01:16 UTC] PHP   1. {main}() /home/ubuntu/workspace/cst336/labs/lab4/index.php:0
[01-Oct-2018 22:34:26 UTC] PHP Fatal error:  Maximum execution time of 300 seconds exceeded in /home/ubuntu/workspace/cst336/labs/lab4/index.php on line 69
[01-Oct-2018 22:34:26 UTC] PHP Stack trace:
[01-Oct-2018 22:34:26 UTC] PHP   1. {main}() /home/ubuntu/workspace/cst336/labs/lab4/index.php:0
[10-Oct-2018 21:16:30 UTC] PHP Warning:  include(functions.php): failed to open stream: No such file or directory in /home/ubuntu/workspace/cst336/labs/scart/index.php on line 2
[10-Oct-2018 21:16:30 UTC] PHP Stack trace:
[10-Oct-2018 21:16:30 UTC] PHP   1. {main}() /home/ubuntu/workspace/cst336/labs/scart/index.php:0
[10-Oct-2018 21:16:30 UTC] PHP Warning:  include(): Failed opening 'functions.php' for inclusion (include_path='.:/usr/share/php:/usr/share/pear') in /home/ubuntu/workspace/cst336/labs/scart/index.php on line 2
[10-Oct-2018 21:16:30 UTC] PHP Stack trace:
[10-Oct-2018 21:16:30 UTC] PHP   1. {main}() /home/ubuntu/workspace/cst336/labs/scart/index.php:0
[10-Oct-2018 21:16:30 UTC] PHP Fatal error:  Call to undefined function displayResults() in /home/ubuntu/workspace/cst336/labs/scart/index.php on line 48
[10-Oct-2018 21:16:30 UTC] PHP Stack trace:
[10-Oct-2018 21:16:30 UTC] PHP   1. {main}() /home/ubuntu/workspace/cst336/labs/scart/index.php:0
[10-Oct-2018 21:17:23 UTC] PHP Warning:  include(functions.php): failed to open stream: No such file or directory in /home/ubuntu/workspace/cst336/labs/scart/index.php on line 5
[10-Oct-2018 21:17:23 UTC] PHP Stack trace:
[10-Oct-2018 21:17:23 UTC] PHP   1. {main}() /home/ubuntu/workspace/cst336/labs/scart/index.php:0
[10-Oct-2018 21:17:23 UTC] PHP Warning:  include(): Failed opening 'functions.php' for inclusion (include_path='.:/usr/share/php:/usr/share/pear') in /home/ubuntu/workspace/cst336/labs/scart/index.php on line 5
[10-Oct-2018 21:17:23 UTC] PHP Stack trace:
[10-Oct-2018 21:17:23 UTC] PHP   1. {main}() /home/ubuntu/workspace/cst336/labs/scart/index.php:0
[10-Oct-2018 21:17:23 UTC] PHP Fatal error:  Call to undefined function displayResults() in /home/ubuntu/workspace/cst336/labs/scart/index.php on line 53
[10-Oct-2018 21:17:23 UTC] PHP Stack trace:
[10-Oct-2018 21:17:23 UTC] PHP   1. {main}() /home/ubuntu/workspace/cst336/labs/scart/index.php:0
[12-Oct-2018 23:38:21 UTC] PHP Warning:  Invalid argument supplied for foreach() in /home/ubuntu/workspace/cst336/labs/scart/index.php on line 26
[12-Oct-2018 23:38:21 UTC] PHP Stack trace:
[12-Oct-2018 23:38:21 UTC] PHP   1. {main}() /home/ubuntu/workspace/cst336/labs/scart/index.php:0
[12-Oct-2018 23:38:21 UTC] PHP Warning:  array_push() expects parameter 1 to be array, string given in /home/ubuntu/workspace/cst336/labs/scart/index.php on line 36
[12-Oct-2018 23:38:21 UTC] PHP Stack trace:
[12-Oct-2018 23:38:21 UTC] PHP   1. {main}() /home/ubuntu/workspace/cst336/labs/scart/index.php:0
[12-Oct-2018 23:38:21 UTC] PHP   2. array_push() /home/ubuntu/workspace/cst336/labs/scart/index.php:36
[15-Oct-2018 19:00:01 UTC] PHP Warning:  include(functions.php): failed to open stream: No such file or directory in /home/ubuntu/workspace/cst336/labs/scart/scart.php on line 3
[15-Oct-2018 19:00:01 UTC] PHP Stack trace:
[15-Oct-2018 19:00:01 UTC] PHP   1. {main}() /home/ubuntu/workspace/cst336/labs/scart/scart.php:0
[15-Oct-2018 19:00:01 UTC] PHP Warning:  include(): Failed opening 'functions.php' for inclusion (include_path='.:/usr/share/php:/usr/share/pear') in /home/ubuntu/workspace/cst336/labs/scart/scart.php on line 3
[15-Oct-2018 19:00:01 UTC] PHP Stack trace:
[15-Oct-2018 19:00:01 UTC] PHP   1. {main}() /home/ubuntu/workspace/cst336/labs/scart/scart.php:0
[15-Oct-2018 19:00:01 UTC] PHP Fatal error:  Call to undefined function displayCartCount() in /home/ubuntu/workspace/cst336/labs/scart/scart.php on line 47
[15-Oct-2018 19:00:01 UTC] PHP Stack trace:
[15-Oct-2018 19:00:01 UTC] PHP   1. {main}() /home/ubuntu/workspace/cst336/labs/scart/scart.php:0
[15-Oct-2018 19:01:06 UTC] PHP Warning:  include(functions.php): failed to open stream: No such file or directory in /home/ubuntu/workspace/cst336/labs/scart/scart.php on line 3
[15-Oct-2018 19:01:06 UTC] PHP Stack trace:
[15-Oct-2018 19:01:06 UTC] PHP   1. {main}() /home/ubuntu/workspace/cst336/labs/scart/scart.php:0
[15-Oct-2018 19:01:06 UTC] PHP Warning:  include(): Failed opening 'functions.php' for inclusion (include_path='.:/usr/share/php:/usr/share/pear') in /home/ubuntu/workspace/cst336/labs/scart/scart.php on line 3
[15-Oct-2018 19:01:06 UTC] PHP Stack trace:
[15-Oct-2018 19:01:06 UTC] PHP   1. {main}() /home/ubuntu/workspace/cst336/labs/scart/scart.php:0
[15-Oct-2018 19:01:06 UTC] PHP Fatal error:  Call to undefined function displayCartCount() in /home/ubuntu/workspace/cst336/labs/scart/scart.php on line 47
[15-Oct-2018 19:01:06 UTC] PHP Stack trace:
[15-Oct-2018 19:01:06 UTC] PHP   1. {main}() /home/ubuntu/workspace/cst336/labs/scart/scart.php:0
[15-Oct-2018 21:48:30 UTC] PHP Warning:  Invalid argument supplied for foreach() in /home/ubuntu/workspace/cst336/labs/scart/index.php on line 27
[15-Oct-2018 21:48:30 UTC] PHP Stack trace:
[15-Oct-2018 21:48:30 UTC] PHP   1. {main}() /home/ubuntu/workspace/cst336/labs/scart/index.php:0
[15-Oct-2018 21:48:30 UTC] PHP Warning:  array_push() expects parameter 1 to be array, string given in /home/ubuntu/workspace/cst336/labs/scart/index.php on line 37
[15-Oct-2018 21:48:30 UTC] PHP Stack trace:
[15-Oct-2018 21:48:30 UTC] PHP   1. {main}() /home/ubuntu/workspace/cst336/labs/scart/index.php:0
[15-Oct-2018 21:48:30 UTC] PHP   2. array_push() /home/ubuntu/workspace/cst336/labs/scart/index.php:37
[15-Oct-2018 21:48:32 UTC] PHP Warning:  include(functions.php): failed to open stream: No such file or directory in /home/ubuntu/workspace/cst336/labs/scart/scart.php on line 3
[15-Oct-2018 21:48:32 UTC] PHP Stack trace:
[15-Oct-2018 21:48:32 UTC] PHP   1. {main}() /home/ubuntu/workspace/cst336/labs/scart/scart.php:0
[15-Oct-2018 21:48:32 UTC] PHP Warning:  include(): Failed opening 'functions.php' for inclusion (include_path='.:/usr/share/php:/usr/share/pear') in /home/ubuntu/workspace/cst336/labs/scart/scart.php on line 3
[15-Oct-2018 21:48:32 UTC] PHP Stack trace:
[15-Oct-2018 21:48:32 UTC] PHP   1. {main}() /home/ubuntu/workspace/cst336/labs/scart/scart.php:0
[15-Oct-2018 21:48:32 UTC] PHP Fatal error:  Call to undefined function displayCartCount() in /home/ubuntu/workspace/cst336/labs/scart/scart.php on line 47
[15-Oct-2018 21:48:32 UTC] PHP Stack trace:
[15-Oct-2018 21:48:32 UTC] PHP   1. {main}() /home/ubuntu/workspace/cst336/labs/scart/scart.php:0
[15-Oct-2018 21:48:34 UTC] PHP Warning:  include(functions.php): failed to open stream: No such file or directory in /home/ubuntu/workspace/cst336/labs/scart/scart.php on line 3
[15-Oct-2018 21:48:34 UTC] PHP Stack trace:
[15-Oct-2018 21:48:34 UTC] PHP   1. {main}() /home/ubuntu/workspace/cst336/labs/scart/scart.php:0
[15-Oct-2018 21:48:34 UTC] PHP Warning:  include(): Failed opening 'functions.php' for inclusion (include_path='.:/usr/share/php:/usr/share/pear') in /home/ubuntu/workspace/cst336/labs/scart/scart.php on line 3
[15-Oct-2018 21:48:34 UTC] PHP Stack trace:
[15-Oct-2018 21:48:34 UTC] PHP   1. {main}() /home/ubuntu/workspace/cst336/labs/scart/scart.php:0
[15-Oct-2018 21:48:34 UTC] PHP Fatal error:  Call to undefined function displayCartCount() in /home/ubuntu/workspace/cst336/labs/scart/scart.php on line 47
[15-Oct-2018 21:48:34 UTC] PHP Stack trace:
[15-Oct-2018 21:48:34 UTC] PHP   1. {main}() /home/ubuntu/workspace/cst336/labs/scart/scart.php:0
[15-Oct-2018 21:48:35 UTC] PHP Warning:  include(functions.php): failed to open stream: No such file or directory in /home/ubuntu/workspace/cst336/labs/scart/scart.php on line 3
[15-Oct-2018 21:48:35 UTC] PHP Stack trace:
[15-Oct-2018 21:48:35 UTC] PHP   1. {main}() /home/ubuntu/workspace/cst336/labs/scart/scart.php:0
[15-Oct-2018 21:48:35 UTC] PHP Warning:  include(): Failed opening 'functions.php' for inclusion (include_path='.:/usr/share/php:/usr/share/pear') in /home/ubuntu/workspace/cst336/labs/scart/scart.php on line 3
[15-Oct-2018 21:48:35 UTC] PHP Stack trace:
[15-Oct-2018 21:48:35 UTC] PHP   1. {main}() /home/ubuntu/workspace/cst336/labs/scart/scart.php:0
[15-Oct-2018 21:48:35 UTC] PHP Fatal error:  Call to undefined function displayCartCount() in /home/ubuntu/workspace/cst336/labs/scart/scart.php on line 47
[15-Oct-2018 21:48:35 UTC] PHP Stack trace:
[15-Oct-2018 21:48:35 UTC] PHP   1. {main}() /home/ubuntu/workspace/cst336/labs/scart/scart.php:0
[15-Oct-2018 21:49:19 UTC] PHP Warning:  Invalid argument supplied for foreach() in /home/ubuntu/workspace/cst336/labs/scart/inc/functions.php on line 46
[15-Oct-2018 21:49:19 UTC] PHP Stack trace:
[15-Oct-2018 21:49:19 UTC] PHP   1. {main}() /home/ubuntu/workspace/cst336/labs/scart/scart.php:0
[15-Oct-2018 21:49:19 UTC] PHP   2. displayCart() /home/ubuntu/workspace/cst336/labs/scart/scart.php:54
[15-Oct-2018 21:49:32 UTC] PHP Warning:  Invalid argument supplied for foreach() in /home/ubuntu/workspace/cst336/labs/scart/inc/functions.php on line 46
[15-Oct-2018 21:49:32 UTC] PHP Stack trace:
[15-Oct-2018 21:49:32 UTC] PHP   1. {main}() /home/ubuntu/workspace/cst336/labs/scart/scart.php:0
[15-Oct-2018 21:49:32 UTC] PHP   2. displayCart() /home/ubuntu/workspace/cst336/labs/scart/scart.php:54
[15-Oct-2018 21:49:40 UTC] PHP Warning:  Invalid argument supplied for foreach() in /home/ubuntu/workspace/cst336/labs/scart/index.php on line 27
[15-Oct-2018 21:49:40 UTC] PHP Stack trace:
[15-Oct-2018 21:49:40 UTC] PHP   1. {main}() /home/ubuntu/workspace/cst336/labs/scart/index.php:0
[15-Oct-2018 21:49:40 UTC] PHP Warning:  array_push() expects parameter 1 to be array, string given in /home/ubuntu/workspace/cst336/labs/scart/index.php on line 37
[15-Oct-2018 21:49:40 UTC] PHP Stack trace:
[15-Oct-2018 21:49:40 UTC] PHP   1. {main}() /home/ubuntu/workspace/cst336/labs/scart/index.php:0
[15-Oct-2018 21:49:40 UTC] PHP   2. array_push() /home/ubuntu/workspace/cst336/labs/scart/index.php:37
[15-Oct-2018 21:49:41 UTC] PHP Warning:  Invalid argument supplied for foreach() in /home/ubuntu/workspace/cst336/labs/scart/inc/functions.php on line 46
[15-Oct-2018 21:49:41 UTC] PHP Stack trace:
[15-Oct-2018 21:49:41 UTC] PHP   1. {main}() /home/ubuntu/workspace/cst336/labs/scart/scart.php:0
[15-Oct-2018 21:49:41 UTC] PHP   2. displayCart() /home/ubuntu/workspace/cst336/labs/scart/scart.php:54
[15-Oct-2018 22:10:02 UTC] PHP Warning:  Invalid argument supplied for foreach() in /home/ubuntu/workspace/cst336/labs/scart/inc/functions.php on line 46
[15-Oct-2018 22:10:02 UTC] PHP Stack trace:
[15-Oct-2018 22:10:02 UTC] PHP   1. {main}() /home/ubuntu/workspace/cst336/labs/scart/scart.php:0
[15-Oct-2018 22:10:02 UTC] PHP   2. displayCart() /home/ubuntu/workspace/cst336/labs/scart/scart.php:58
[17-Oct-2018 01:28:09 UTC] PHP Warning:  Invalid argument supplied for foreach() in /home/ubuntu/workspace/cst336/labs/scart/index.php on line 27
[17-Oct-2018 01:28:09 UTC] PHP Stack trace:
[17-Oct-2018 01:28:09 UTC] PHP   1. {main}() /home/ubuntu/workspace/cst336/labs/scart/index.php:0
[17-Oct-2018 01:28:09 UTC] PHP Warning:  array_push() expects parameter 1 to be array, string given in /home/ubuntu/workspace/cst336/labs/scart/index.php on line 37
[17-Oct-2018 01:28:09 UTC] PHP Stack trace:
[17-Oct-2018 01:28:09 UTC] PHP   1. {main}() /home/ubuntu/workspace/cst336/labs/scart/index.php:0
[17-Oct-2018 01:28:09 UTC] PHP   2. array_push() /home/ubuntu/workspace/cst336/labs/scart/index.php:37
[17-Oct-2018 01:28:10 UTC] PHP Warning:  Invalid argument supplied for foreach() in /home/ubuntu/workspace/cst336/labs/scart/index.php on line 27
[17-Oct-2018 01:28:10 UTC] PHP Stack trace:
[17-Oct-2018 01:28:10 UTC] PHP   1. {main}() /home/ubuntu/workspace/cst336/labs/scart/index.php:0
[17-Oct-2018 01:28:10 UTC] PHP Warning:  array_push() expects parameter 1 to be array, string given in /home/ubuntu/workspace/cst336/labs/scart/index.php on line 37
[17-Oct-2018 01:28:10 UTC] PHP Stack trace:
[17-Oct-2018 01:28:10 UTC] PHP   1. {main}() /home/ubuntu/workspace/cst336/labs/scart/index.php:0
[17-Oct-2018 01:28:10 UTC] PHP   2. array_push() /home/ubuntu/workspace/cst336/labs/scart/index.php:37
[17-Oct-2018 01:28:12 UTC] PHP Warning:  Invalid argument supplied for foreach() in /home/ubuntu/workspace/cst336/labs/scart/index.php on line 27
[17-Oct-2018 01:28:13 UTC] PHP Stack trace:
[17-Oct-2018 01:28:13 UTC] PHP   1. {main}() /home/ubuntu/workspace/cst336/labs/scart/index.php:0
[17-Oct-2018 01:28:13 UTC] PHP Warning:  array_push() expects parameter 1 to be array, string given in /home/ubuntu/workspace/cst336/labs/scart/index.php on line 37
[17-Oct-2018 01:28:13 UTC] PHP Stack trace:
[17-Oct-2018 01:28:13 UTC] PHP   1. {main}() /home/ubuntu/workspace/cst336/labs/scart/index.php:0
[17-Oct-2018 01:28:13 UTC] PHP   2. array_push() /home/ubuntu/workspace/cst336/labs/scart/index.php:37
[17-Oct-2018 01:28:19 UTC] PHP Warning:  Invalid argument supplied for foreach() in /home/ubuntu/workspace/cst336/labs/scart/inc/functions.php on line 46
[17-Oct-2018 01:28:19 UTC] PHP Stack trace:
[17-Oct-2018 01:28:19 UTC] PHP   1. {main}() /home/ubuntu/workspace/cst336/labs/scart/scart.php:0
[17-Oct-2018 01:28:19 UTC] PHP   2. displayCart() /home/ubuntu/workspace/cst336/labs/scart/scart.php:54
[17-Oct-2018 01:33:26 UTC] PHP Warning:  Invalid argument supplied for foreach() in /home/ubuntu/workspace/cst336/labs/scart/inc/functions.php on line 46
[17-Oct-2018 01:33:26 UTC] PHP Stack trace:
[17-Oct-2018 01:33:26 UTC] PHP   1. {main}() /home/ubuntu/workspace/cst336/labs/scart/scart.php:0
[17-Oct-2018 01:33:26 UTC] PHP   2. displayCart() /home/ubuntu/workspace/cst336/labs/scart/scart.php:54
[17-Oct-2018 01:33:27 UTC] PHP Warning:  Invalid argument supplied for foreach() in /home/ubuntu/workspace/cst336/labs/scart/inc/functions.php on line 46
[17-Oct-2018 01:33:27 UTC] PHP Stack trace:
[17-Oct-2018 01:33:27 UTC] PHP   1. {main}() /home/ubuntu/workspace/cst336/labs/scart/scart.php:0
[17-Oct-2018 01:33:27 UTC] PHP   2. displayCart() /home/ubuntu/workspace/cst336/labs/scart/scart.php:54
[17-Oct-2018 01:33:29 UTC] PHP Warning:  Invalid argument supplied for foreach() in /home/ubuntu/workspace/cst336/labs/scart/inc/functions.php on line 46
[17-Oct-2018 01:33:29 UTC] PHP Stack trace:
[17-Oct-2018 01:33:29 UTC] PHP   1. {main}() /home/ubuntu/workspace/cst336/labs/scart/scart.php:0
[17-Oct-2018 01:33:29 UTC] PHP   2. displayCart() /home/ubuntu/workspace/cst336/labs/scart/scart.php:54
[17-Oct-2018 01:33:29 UTC] PHP Warning:  Invalid argument supplied for foreach() in /home/ubuntu/workspace/cst336/labs/scart/inc/functions.php on line 46
[17-Oct-2018 01:33:29 UTC] PHP Stack trace:
[17-Oct-2018 01:33:29 UTC] PHP   1. {main}() /home/ubuntu/workspace/cst336/labs/scart/scart.php:0
[17-Oct-2018 01:33:29 UTC] PHP   2. displayCart() /home/ubuntu/workspace/cst336/labs/scart/scart.php:54
[17-Oct-2018 01:33:29 UTC] PHP Warning:  Invalid argument supplied for foreach() in /home/ubuntu/workspace/cst336/labs/scart/inc/functions.php on line 46
[17-Oct-2018 01:33:29 UTC] PHP Stack trace:
[17-Oct-2018 01:33:29 UTC] PHP   1. {main}() /home/ubuntu/workspace/cst336/labs/scart/scart.php:0
[17-Oct-2018 01:33:29 UTC] PHP   2. displayCart() /home/ubuntu/workspace/cst336/labs/scart/scart.php:54
[17-Oct-2018 01:33:29 UTC] PHP Warning:  Invalid argument supplied for foreach() in /home/ubuntu/workspace/cst336/labs/scart/inc/functions.php on line 46
[17-Oct-2018 01:33:29 UTC] PHP Stack trace:
[17-Oct-2018 01:33:29 UTC] PHP   1. {main}() /home/ubuntu/workspace/cst336/labs/scart/scart.php:0
[17-Oct-2018 01:33:29 UTC] PHP   2. displayCart() /home/ubuntu/workspace/cst336/labs/scart/scart.php:54
[17-Oct-2018 01:33:30 UTC] PHP Warning:  Invalid argument supplied for foreach() in /home/ubuntu/workspace/cst336/labs/scart/inc/functions.php on line 46
[17-Oct-2018 01:33:30 UTC] PHP Stack trace:
[17-Oct-2018 01:33:30 UTC] PHP   1. {main}() /home/ubuntu/workspace/cst336/labs/scart/scart.php:0
[17-Oct-2018 01:33:30 UTC] PHP   2. displayCart() /home/ubuntu/workspace/cst336/labs/scart/scart.php:54
[17-Oct-2018 01:33:30 UTC] PHP Warning:  Invalid argument supplied for foreach() in /home/ubuntu/workspace/cst336/labs/scart/inc/functions.php on line 46
[17-Oct-2018 01:33:30 UTC] PHP Stack trace:
[17-Oct-2018 01:33:30 UTC] PHP   1. {main}() /home/ubuntu/workspace/cst336/labs/scart/scart.php:0
[17-Oct-2018 01:33:30 UTC] PHP   2. displayCart() /home/ubuntu/workspace/cst336/labs/scart/scart.php:54
[17-Oct-2018 01:33:30 UTC] PHP Warning:  Invalid argument supplied for foreach() in /home/ubuntu/workspace/cst336/labs/scart/inc/functions.php on line 46
[17-Oct-2018 01:33:30 UTC] PHP Stack trace:
[17-Oct-2018 01:33:30 UTC] PHP   1. {main}() /home/ubuntu/workspace/cst336/labs/scart/scart.php:0
[17-Oct-2018 01:33:30 UTC] PHP   2. displayCart() /home/ubuntu/workspace/cst336/labs/scart/scart.php:54
[17-Oct-2018 01:33:30 UTC] PHP Warning:  Invalid argument supplied for foreach() in /home/ubuntu/workspace/cst336/labs/scart/inc/functions.php on line 46
[17-Oct-2018 01:33:30 UTC] PHP Stack trace:
[17-Oct-2018 01:33:30 UTC] PHP   1. {main}() /home/ubuntu/workspace/cst336/labs/scart/scart.php:0
[17-Oct-2018 01:33:30 UTC] PHP   2. displayCart() /home/ubuntu/workspace/cst336/labs/scart/scart.php:54
[17-Oct-2018 01:33:30 UTC] PHP Warning:  Invalid argument supplied for foreach() in /home/ubuntu/workspace/cst336/labs/scart/inc/functions.php on line 46
[17-Oct-2018 01:33:30 UTC] PHP Stack trace:
[17-Oct-2018 01:33:30 UTC] PHP   1. {main}() /home/ubuntu/workspace/cst336/labs/scart/scart.php:0
[17-Oct-2018 01:33:30 UTC] PHP   2. displayCart() /home/ubuntu/workspace/cst336/labs/scart/scart.php:54
[17-Oct-2018 01:42:06 UTC] PHP Warning:  Invalid argument supplied for foreach() in /home/ubuntu/workspace/cst336/labs/scart/inc/functions.php on line 45
[17-Oct-2018 01:42:06 UTC] PHP Stack trace:
[17-Oct-2018 01:42:06 UTC] PHP   1. {main}() /home/ubuntu/workspace/cst336/labs/scart/scart.php:0
[17-Oct-2018 01:42:06 UTC] PHP   2. displayCart() /home/ubuntu/workspace/cst336/labs/scart/scart.php:54
[17-Oct-2018 01:42:07 UTC] PHP Warning:  Invalid argument supplied for foreach() in /home/ubuntu/workspace/cst336/labs/scart/inc/functions.php on line 45
[17-Oct-2018 01:42:07 UTC] PHP Stack trace:
[17-Oct-2018 01:42:07 UTC] PHP   1. {main}() /home/ubuntu/workspace/cst336/labs/scart/scart.php:0
[17-Oct-2018 01:42:07 UTC] PHP   2. displayCart() /home/ubuntu/workspace/cst336/labs/scart/scart.php:54
[17-Oct-2018 01:43:36 UTC] PHP Warning:  Invalid argument supplied for foreach() in /home/ubuntu/workspace/cst336/labs/scart/inc/functions.php on line 47
[17-Oct-2018 01:43:36 UTC] PHP Stack trace:
[17-Oct-2018 01:43:36 UTC] PHP   1. {main}() /home/ubuntu/workspace/cst336/labs/scart/scart.php:0
[17-Oct-2018 01:43:36 UTC] PHP   2. displayCart() /home/ubuntu/workspace/cst336/labs/scart/scart.php:54
[17-Oct-2018 01:44:14 UTC] PHP Warning:  Invalid argument supplied for foreach() in /home/ubuntu/workspace/cst336/labs/scart/inc/functions.php on line 47
[17-Oct-2018 01:44:14 UTC] PHP Stack trace:
[17-Oct-2018 01:44:14 UTC] PHP   1. {main}() /home/ubuntu/workspace/cst336/labs/scart/scart.php:0
[17-Oct-2018 01:44:14 UTC] PHP   2. displayCart() /home/ubuntu/workspace/cst336/labs/scart/scart.php:54
[17-Oct-2018 01:44:56 UTC] PHP Warning:  Invalid argument supplied for foreach() in /home/ubuntu/workspace/cst336/labs/scart/inc/functions.php on line 46
[17-Oct-2018 01:44:56 UTC] PHP Stack trace:
[17-Oct-2018 01:44:56 UTC] PHP   1. {main}() /home/ubuntu/workspace/cst336/labs/scart/scart.php:0
[17-Oct-2018 01:44:56 UTC] PHP   2. displayCart() /home/ubuntu/workspace/cst336/labs/scart/scart.php:54
[17-Oct-2018 01:45:02 UTC] PHP Warning:  Invalid argument supplied for foreach() in /home/ubuntu/workspace/cst336/labs/scart/index.php on line 28
[17-Oct-2018 01:45:02 UTC] PHP Stack trace:
[17-Oct-2018 01:45:02 UTC] PHP   1. {main}() /home/ubuntu/workspace/cst336/labs/scart/index.php:0
[17-Oct-2018 01:45:02 UTC] PHP Warning:  array_push() expects parameter 1 to be array, string given in /home/ubuntu/workspace/cst336/labs/scart/index.php on line 39
[17-Oct-2018 01:45:02 UTC] PHP Stack trace:
[17-Oct-2018 01:45:02 UTC] PHP   1. {main}() /home/ubuntu/workspace/cst336/labs/scart/index.php:0
[17-Oct-2018 01:45:02 UTC] PHP   2. array_push() /home/ubuntu/workspace/cst336/labs/scart/index.php:39
[17-Oct-2018 01:45:37 UTC] PHP Warning:  Invalid argument supplied for foreach() in /home/ubuntu/workspace/cst336/labs/scart/inc/functions.php on line 46
[17-Oct-2018 01:45:37 UTC] PHP Stack trace:
[17-Oct-2018 01:45:37 UTC] PHP   1. {main}() /home/ubuntu/workspace/cst336/labs/scart/scart.php:0
[17-Oct-2018 01:45:37 UTC] PHP   2. displayCart() /home/ubuntu/workspace/cst336/labs/scart/scart.php:54
[17-Oct-2018 01:45:39 UTC] PHP Warning:  Invalid argument supplied for foreach() in /home/ubuntu/workspace/cst336/labs/scart/inc/functions.php on line 46
[17-Oct-2018 01:45:39 UTC] PHP Stack trace:
[17-Oct-2018 01:45:39 UTC] PHP   1. {main}() /home/ubuntu/workspace/cst336/labs/scart/scart.php:0
[17-Oct-2018 01:45:39 UTC] PHP   2. displayCart() /home/ubuntu/workspace/cst336/labs/scart/scart.php:54
[17-Oct-2018 01:45:40 UTC] PHP Warning:  Invalid argument supplied for foreach() in /home/ubuntu/workspace/cst336/labs/scart/inc/functions.php on line 46
[17-Oct-2018 01:45:40 UTC] PHP Stack trace:
[17-Oct-2018 01:45:40 UTC] PHP   1. {main}() /home/ubuntu/workspace/cst336/labs/scart/scart.php:0
[17-Oct-2018 01:45:40 UTC] PHP   2. displayCart() /home/ubuntu/workspace/cst336/labs/scart/scart.php:54
[17-Oct-2018 01:46:12 UTC] PHP Warning:  Invalid argument supplied for foreach() in /home/ubuntu/workspace/cst336/labs/scart/index.php on line 28
[17-Oct-2018 01:46:12 UTC] PHP Stack trace:
[17-Oct-2018 01:46:12 UTC] PHP   1. {main}() /home/ubuntu/workspace/cst336/labs/scart/index.php:0
[17-Oct-2018 01:46:12 UTC] PHP Warning:  array_push() expects parameter 1 to be array, string given in /home/ubuntu/workspace/cst336/labs/scart/index.php on line 39
[17-Oct-2018 01:46:12 UTC] PHP Stack trace:
[17-Oct-2018 01:46:12 UTC] PHP   1. {main}() /home/ubuntu/workspace/cst336/labs/scart/index.php:0
[17-Oct-2018 01:46:12 UTC] PHP   2. array_push() /home/ubuntu/workspace/cst336/labs/scart/index.php:39
[17-Oct-2018 01:49:46 UTC] PHP Parse error:  syntax error, unexpected ')', expecting ',' or ';' in /home/ubuntu/workspace/cst336/labs/scart/index.php on line 8
[17-Oct-2018 01:52:44 UTC] PHP Warning:  Invalid argument supplied for foreach() in /home/ubuntu/workspace/cst336/labs/scart/inc/functions.php on line 46
[17-Oct-2018 01:52:44 UTC] PHP Stack trace:
[17-Oct-2018 01:52:44 UTC] PHP   1. {main}() /home/ubuntu/workspace/cst336/labs/scart/scart.php:0
[17-Oct-2018 01:52:44 UTC] PHP   2. displayCart() /home/ubuntu/workspace/cst336/labs/scart/scart.php:54
[17-Oct-2018 01:56:09 UTC] PHP Warning:  Invalid argument supplied for foreach() in /home/ubuntu/workspace/cst336/labs/scart/index.php on line 28
[17-Oct-2018 01:56:09 UTC] PHP Stack trace:
[17-Oct-2018 01:56:09 UTC] PHP   1. {main}() /home/ubuntu/workspace/cst336/labs/scart/index.php:0
[17-Oct-2018 01:56:09 UTC] PHP Warning:  array_push() expects parameter 1 to be array, string given in /home/ubuntu/workspace/cst336/labs/scart/index.php on line 39
[17-Oct-2018 01:56:09 UTC] PHP Stack trace:
[17-Oct-2018 01:56:09 UTC] PHP   1. {main}() /home/ubuntu/workspace/cst336/labs/scart/index.php:0
[17-Oct-2018 01:56:09 UTC] PHP   2. array_push() /home/ubuntu/workspace/cst336/labs/scart/index.php:39
[18-Oct-2018 00:10:38 UTC] PHP Fatal error:  Class 'POD' not found in /home/ubuntu/workspace/cst336/labs/lab6/dbConnection.php on line 9
[18-Oct-2018 00:10:38 UTC] PHP Stack trace:
[18-Oct-2018 00:10:38 UTC] PHP   1. {main}() /home/ubuntu/workspace/cst336/labs/lab6/index.php:0
[18-Oct-2018 00:10:38 UTC] PHP   2. getDatabaseConnection() /home/ubuntu/workspace/cst336/labs/lab6/index.php:3
[18-Oct-2018 00:36:04 UTC] PHP Fatal error:  Uncaught exception 'PDOException' with message 'SQLSTATE[3D000]: Invalid catalog name: 1046 No database selected' in /home/ubuntu/workspace/cst336/labs/lab6/index.php:10
Stack trace:
#0 /home/ubuntu/workspace/cst336/labs/lab6/index.php(10): PDOStatement->execute()
#1 /home/ubuntu/workspace/cst336/labs/lab6/index.php(63): displayCategories()
#2 {main}
  thrown in /home/ubuntu/workspace/cst336/labs/lab6/index.php on line 10
[18-Oct-2018 00:36:37 UTC] PHP Fatal error:  Uncaught exception 'PDOException' with message 'SQLSTATE[3D000]: Invalid catalog name: 1046 No database selected' in /home/ubuntu/workspace/cst336/labs/lab6/index.php:10
Stack trace:
#0 /home/ubuntu/workspace/cst336/labs/lab6/index.php(10): PDOStatement->execute()
#1 /home/ubuntu/workspace/cst336/labs/lab6/index.php(63): displayCategories()
#2 {main}
  thrown in /home/ubuntu/workspace/cst336/labs/lab6/index.php on line 10
[18-Oct-2018 00:36:49 UTC] PHP Fatal error:  Uncaught exception 'PDOException' with message 'SQLSTATE[3D000]: Invalid catalog name: 1046 No database selected' in /home/ubuntu/workspace/cst336/labs/lab6/index.php:10
Stack trace:
#0 /home/ubuntu/workspace/cst336/labs/lab6/index.php(10): PDOStatement->execute()
#1 /home/ubuntu/workspace/cst336/labs/lab6/index.php(63): displayCategories()
#2 {main}
  thrown in /home/ubuntu/workspace/cst336/labs/lab6/index.php on line 10
[18-Oct-2018 00:37:10 UTC] PHP Fatal error:  Uncaught exception 'PDOException' with message 'SQLSTATE[3D000]: Invalid catalog name: 1046 No database selected' in /home/ubuntu/workspace/cst336/labs/lab6/index.php:10
Stack trace:
#0 /home/ubuntu/workspace/cst336/labs/lab6/index.php(10): PDOStatement->execute()
#1 /home/ubuntu/workspace/cst336/labs/lab6/index.php(63): displayCategories()
#2 {main}
  thrown in /home/ubuntu/workspace/cst336/labs/lab6/index.php on line 10
[18-Oct-2018 00:38:39 UTC] PHP Fatal error:  Uncaught exception 'PDOException' with message 'SQLSTATE[3D000]: Invalid catalog name: 1046 No database selected' in /home/ubuntu/workspace/cst336/labs/lab6/index.php:10
Stack trace:
#0 /home/ubuntu/workspace/cst336/labs/lab6/index.php(10): PDOStatement->execute()
#1 /home/ubuntu/workspace/cst336/labs/lab6/index.php(63): displayCategories()
#2 {main}
  thrown in /home/ubuntu/workspace/cst336/labs/lab6/index.php on line 10
[18-Oct-2018 00:38:56 UTC] PHP Fatal error:  Uncaught exception 'PDOException' with message 'SQLSTATE[3D000]: Invalid catalog name: 1046 No database selected' in /home/ubuntu/workspace/cst336/labs/lab6/index.php:10
Stack trace:
#0 /home/ubuntu/workspace/cst336/labs/lab6/index.php(10): PDOStatement->execute()
#1 /home/ubuntu/workspace/cst336/labs/lab6/index.php(63): displayCategories()
#2 {main}
  thrown in /home/ubuntu/workspace/cst336/labs/lab6/index.php on line 10
[18-Oct-2018 00:39:06 UTC] PHP Fatal error:  Uncaught exception 'PDOException' with message 'SQLSTATE[3D000]: Invalid catalog name: 1046 No database selected' in /home/ubuntu/workspace/cst336/labs/lab6/index.php:10
Stack trace:
#0 /home/ubuntu/workspace/cst336/labs/lab6/index.php(10): PDOStatement->execute()
#1 /home/ubuntu/workspace/cst336/labs/lab6/index.php(63): displayCategories()
#2 {main}
  thrown in /home/ubuntu/workspace/cst336/labs/lab6/index.php on line 10
[18-Oct-2018 00:40:51 UTC] PHP Fatal error:  Uncaught exception 'PDOException' with message 'SQLSTATE[3D000]: Invalid catalog name: 1046 No database selected' in /home/ubuntu/workspace/cst336/labs/lab6/index.php:10
Stack trace:
#0 /home/ubuntu/workspace/cst336/labs/lab6/index.php(10): PDOStatement->execute()
#1 /home/ubuntu/workspace/cst336/labs/lab6/index.php(63): displayCategories()
#2 {main}
  thrown in /home/ubuntu/workspace/cst336/labs/lab6/index.php on line 10
[18-Oct-2018 00:41:01 UTC] PHP Fatal error:  Uncaught exception 'PDOException' with message 'SQLSTATE[3D000]: Invalid catalog name: 1046 No database selected' in /home/ubuntu/workspace/cst336/labs/lab6/index.php:10
Stack trace:
#0 /home/ubuntu/workspace/cst336/labs/lab6/index.php(10): PDOStatement->execute()
#1 /home/ubuntu/workspace/cst336/labs/lab6/index.php(63): displayCategories()
#2 {main}
  thrown in /home/ubuntu/workspace/cst336/labs/lab6/index.php on line 10
[18-Oct-2018 00:41:04 UTC] PHP Fatal error:  Uncaught exception 'PDOException' with message 'SQLSTATE[3D000]: Invalid catalog name: 1046 No database selected' in /home/ubuntu/workspace/cst336/labs/lab6/index.php:10
Stack trace:
#0 /home/ubuntu/workspace/cst336/labs/lab6/index.php(10): PDOStatement->execute()
#1 /home/ubuntu/workspace/cst336/labs/lab6/index.php(63): displayCategories()
#2 {main}
  thrown in /home/ubuntu/workspace/cst336/labs/lab6/index.php on line 10
[18-Oct-2018 00:49:21 UTC] PHP Fatal error:  Uncaught exception 'PDOException' with message 'SQLSTATE[3D000]: Invalid catalog name: 1046 No database selected' in /home/ubuntu/workspace/cst336/labs/lab6/index.php:10
Stack trace:
#0 /home/ubuntu/workspace/cst336/labs/lab6/index.php(10): PDOStatement->execute()
#1 /home/ubuntu/workspace/cst336/labs/lab6/index.php(86): displayCategories()
#2 {main}
  thrown in /home/ubuntu/workspace/cst336/labs/lab6/index.php on line 10
[27-Oct-2018 06:27:48 UTC] PHP Fatal error:  Uncaught exception 'PDOException' with message 'SQLSTATE[3D000]: Invalid catalog name: 1046 No database selected' in /home/ubuntu/workspace/cst336/labs/lab6/index.php:10
Stack trace:
#0 /home/ubuntu/workspace/cst336/labs/lab6/index.php(10): PDOStatement->execute()
#1 /home/ubuntu/workspace/cst336/labs/lab6/index.php(87): displayCategories()
#2 {main}
  thrown in /home/ubuntu/workspace/cst336/labs/lab6/index.php on line 10
[27-Oct-2018 06:33:35 UTC] PHP Fatal error:  Uncaught exception 'PDOException' with message 'SQLSTATE[42000]: Syntax error or access violation: 1064 You have an error in your SQL syntax; check the manual that corresponds to your MySQL server version for the right syntax to use near ''om_category' ORDER BY catName' at line 1' in /home/ubuntu/workspace/cst336/labs/lab6/index.php:10
Stack trace:
#0 /home/ubuntu/workspace/cst336/labs/lab6/index.php(10): PDOStatement->execute()
#1 /home/ubuntu/workspace/cst336/labs/lab6/index.php(88): displayCategories()
#2 {main}
  thrown in /home/ubuntu/workspace/cst336/labs/lab6/index.php on line 10
[27-Oct-2018 06:43:42 UTC] PHP Fatal error:  Uncaught exception 'PDOException' with message 'SQLSTATE[42000]: Syntax error or access violation: 1064 You have an error in your SQL syntax; check the manual that corresponds to your MySQL server version for the right syntax to use near ''om_category' ORDER BY catName' at line 1' in /home/ubuntu/workspace/cst336/labs/lab6/index.php:10
Stack trace:
#0 /home/ubuntu/workspace/cst336/labs/lab6/index.php(10): PDOStatement->execute()
#1 /home/ubuntu/workspace/cst336/labs/lab6/index.php(88): displayCategories()
#2 {main}
  thrown in /home/ubuntu/workspace/cst336/labs/lab6/index.php on line 10
[27-Oct-2018 06:43:43 UTC] PHP Fatal error:  Uncaught exception 'PDOException' with message 'SQLSTATE[42000]: Syntax error or access violation: 1064 You have an error in your SQL syntax; check the manual that corresponds to your MySQL server version for the right syntax to use near ''om_category' ORDER BY catName' at line 1' in /home/ubuntu/workspace/cst336/labs/lab6/index.php:10
Stack trace:
#0 /home/ubuntu/workspace/cst336/labs/lab6/index.php(10): PDOStatement->execute()
#1 /home/ubuntu/workspace/cst336/labs/lab6/index.php(88): displayCategories()
#2 {main}
  thrown in /home/ubuntu/workspace/cst336/labs/lab6/index.php on line 10
[27-Oct-2018 06:44:43 UTC] PHP Fatal error:  Uncaught exception 'PDOException' with message 'SQLSTATE[3D000]: Invalid catalog name: 1046 No database selected' in /home/ubuntu/workspace/cst336/labs/lab6/index.php:10
Stack trace:
#0 /home/ubuntu/workspace/cst336/labs/lab6/index.php(10): PDOStatement->execute()
#1 /home/ubuntu/workspace/cst336/labs/lab6/index.php(87): displayCategories()
#2 {main}
  thrown in /home/ubuntu/workspace/cst336/labs/lab6/index.php on line 10
[27-Oct-2018 06:44:51 UTC] PHP Fatal error:  Uncaught exception 'PDOException' with message 'SQLSTATE[3D000]: Invalid catalog name: 1046 No database selected' in /home/ubuntu/workspace/cst336/labs/lab6/index.php:10
Stack trace:
#0 /home/ubuntu/workspace/cst336/labs/lab6/index.php(10): PDOStatement->execute()
#1 /home/ubuntu/workspace/cst336/labs/lab6/index.php(87): displayCategories()
#2 {main}
  thrown in /home/ubuntu/workspace/cst336/labs/lab6/index.php on line 10
[27-Oct-2018 06:45:00 UTC] PHP Fatal error:  Uncaught exception 'PDOException' with message 'SQLSTATE[3D000]: Invalid catalog name: 1046 No database selected' in /home/ubuntu/workspace/cst336/labs/lab6/index.php:10
Stack trace:
#0 /home/ubuntu/workspace/cst336/labs/lab6/index.php(10): PDOStatement->execute()
#1 /home/ubuntu/workspace/cst336/labs/lab6/index.php(87): displayCategories()
#2 {main}
  thrown in /home/ubuntu/workspace/cst336/labs/lab6/index.php on line 10
[27-Oct-2018 06:45:08 UTC] PHP Fatal error:  Uncaught exception 'PDOException' with message 'SQLSTATE[3D000]: Invalid catalog name: 1046 No database selected' in /home/ubuntu/workspace/cst336/labs/lab6/index.php:10
Stack trace:
#0 /home/ubuntu/workspace/cst336/labs/lab6/index.php(10): PDOStatement->execute()
#1 /home/ubuntu/workspace/cst336/labs/lab6/index.php(87): displayCategories()
#2 {main}
  thrown in /home/ubuntu/workspace/cst336/labs/lab6/index.php on line 10
[27-Oct-2018 06:46:30 UTC] PHP Fatal error:  Uncaught exception 'PDOException' with message 'SQLSTATE[3D000]: Invalid catalog name: 1046 No database selected' in /home/ubuntu/workspace/cst336/labs/lab6/index.php:10
Stack trace:
#0 /home/ubuntu/workspace/cst336/labs/lab6/index.php(10): PDOStatement->execute()
#1 /home/ubuntu/workspace/cst336/labs/lab6/index.php(87): displayCategories()
#2 {main}
  thrown in /home/ubuntu/workspace/cst336/labs/lab6/index.php on line 10
[27-Oct-2018 19:38:45 UTC] PHP Fatal error:  Call to a member function prepare() on a non-object in /home/ubuntu/workspace/cst336/labs/lab6/index.php on line 9
[27-Oct-2018 19:38:45 UTC] PHP Stack trace:
[27-Oct-2018 19:38:45 UTC] PHP   1. {main}() /home/ubuntu/workspace/cst336/labs/lab6/index.php:0
[27-Oct-2018 19:38:45 UTC] PHP   2. displayCategories() /home/ubuntu/workspace/cst336/labs/lab6/index.php:87
[27-Oct-2018 21:55:12 UTC] PHP Fatal error:  Call to a member function prepare() on a non-object in /home/ubuntu/workspace/cst336/labs/lab6/index.php on line 9
[27-Oct-2018 21:55:12 UTC] PHP Stack trace:
[27-Oct-2018 21:55:12 UTC] PHP   1. {main}() /home/ubuntu/workspace/cst336/labs/lab6/index.php:0
[27-Oct-2018 21:55:12 UTC] PHP   2. displayCategories() /home/ubuntu/workspace/cst336/labs/lab6/index.php:88
[27-Oct-2018 21:56:37 UTC] PHP Fatal error:  Call to a member function prepare() on a non-object in /home/ubuntu/workspace/cst336/labs/lab6/index.php on line 10
[27-Oct-2018 21:56:37 UTC] PHP Stack trace:
[27-Oct-2018 21:56:37 UTC] PHP   1. {main}() /home/ubuntu/workspace/cst336/labs/lab6/index.php:0
[27-Oct-2018 21:56:37 UTC] PHP   2. displayCategories() /home/ubuntu/workspace/cst336/labs/lab6/index.php:115
[27-Oct-2018 22:02:54 UTC] PHP Fatal error:  Call to a member function prepare() on a non-object in /home/ubuntu/workspace/cst336/labs/lab6/index.php on line 10
[27-Oct-2018 22:02:54 UTC] PHP Stack trace:
[27-Oct-2018 22:02:54 UTC] PHP   1. {main}() /home/ubuntu/workspace/cst336/labs/lab6/index.php:0
[27-Oct-2018 22:02:54 UTC] PHP   2. displayCategories() /home/ubuntu/workspace/cst336/labs/lab6/index.php:115
[29-Oct-2018 21:31:16 UTC] PHP Fatal error:  Uncaught exception 'PDOException' with message 'SQLSTATE[42000]: Syntax error or access violation: 1064 You have an error in your SQL syntax; check the manual that corresponds to your MySQL server version for the right syntax to use near ''e5e9fa1ba31ecd1ae84f75caaa474f3a663f05f4''' at line 3' in /home/ubuntu/workspace/cst336/labs/lab7/loginProcess.php:24
Stack trace:
#0 /home/ubuntu/workspace/cst336/labs/lab7/loginProcess.php(24): PDOStatement->execute(Array)
#1 {main}
  thrown in /home/ubuntu/workspace/cst336/labs/lab7/loginProcess.php on line 24
[29-Oct-2018 21:46:10 UTC] PHP Fatal error:  Cannot redeclare startConnection() (previously declared in /home/ubuntu/workspace/cst336/inc/dbConnection.php:3) in /home/ubuntu/workspace/cst336/inc/dbConnection.php on line 3
[29-Oct-2018 21:46:10 UTC] PHP Stack trace:
[29-Oct-2018 21:46:10 UTC] PHP   1. {main}() /home/ubuntu/workspace/cst336/labs/lab7/admin.php:0
[29-Oct-2018 21:46:10 UTC] PHP   2. include() /home/ubuntu/workspace/cst336/labs/lab7/admin.php:11
[29-Oct-2018 21:46:19 UTC] PHP Fatal error:  Cannot redeclare startConnection() (previously declared in /home/ubuntu/workspace/cst336/inc/dbConnection.php:3) in /home/ubuntu/workspace/cst336/inc/dbConnection.php on line 3
[29-Oct-2018 21:46:19 UTC] PHP Stack trace:
[29-Oct-2018 21:46:19 UTC] PHP   1. {main}() /home/ubuntu/workspace/cst336/labs/lab7/admin.php:0
[29-Oct-2018 21:46:19 UTC] PHP   2. include() /home/ubuntu/workspace/cst336/labs/lab7/admin.php:11
[29-Oct-2018 21:47:32 UTC] PHP Fatal error:  Call to a member function prepare() on a non-object in /home/ubuntu/workspace/cst336/labs/lab7/inc/functions.php on line 24
[29-Oct-2018 21:47:32 UTC] PHP Stack trace:
[29-Oct-2018 21:47:32 UTC] PHP   1. {main}() /home/ubuntu/workspace/cst336/labs/lab7/addProduct.php:0
[29-Oct-2018 21:47:32 UTC] PHP   2. getCategories() /home/ubuntu/workspace/cst336/labs/lab7/addProduct.php:21
[29-Oct-2018 21:50:25 UTC] PHP Fatal error:  Call to a member function prepare() on a non-object in /home/ubuntu/workspace/cst336/labs/lab7/inc/functions.php on line 24
[29-Oct-2018 21:50:25 UTC] PHP Stack trace:
[29-Oct-2018 21:50:25 UTC] PHP   1. {main}() /home/ubuntu/workspace/cst336/labs/lab7/addProduct.php:0
[29-Oct-2018 21:50:25 UTC] PHP   2. getCategories() /home/ubuntu/workspace/cst336/labs/lab7/addProduct.php:21
[29-Oct-2018 21:50:41 UTC] PHP Fatal error:  Call to a member function prepare() on a non-object in /home/ubuntu/workspace/cst336/labs/lab7/inc/functions.php on line 24
[29-Oct-2018 21:50:41 UTC] PHP Stack trace:
[29-Oct-2018 21:50:41 UTC] PHP   1. {main}() /home/ubuntu/workspace/cst336/labs/lab7/addProduct.php:0
[29-Oct-2018 21:50:41 UTC] PHP   2. getCategories() /home/ubuntu/workspace/cst336/labs/lab7/addProduct.php:22
[29-Oct-2018 21:50:53 UTC] PHP Fatal error:  Call to a member function prepare() on a non-object in /home/ubuntu/workspace/cst336/labs/lab7/inc/functions.php on line 24
[29-Oct-2018 21:50:53 UTC] PHP Stack trace:
[29-Oct-2018 21:50:53 UTC] PHP   1. {main}() /home/ubuntu/workspace/cst336/labs/lab7/addProduct.php:0
[29-Oct-2018 21:50:53 UTC] PHP   2. getCategories() /home/ubuntu/workspace/cst336/labs/lab7/addProduct.php:21
[29-Oct-2018 21:51:04 UTC] PHP Fatal error:  Call to a member function prepare() on a non-object in /home/ubuntu/workspace/cst336/labs/lab7/inc/functions.php on line 24
[29-Oct-2018 21:51:04 UTC] PHP Stack trace:
[29-Oct-2018 21:51:04 UTC] PHP   1. {main}() /home/ubuntu/workspace/cst336/labs/lab7/addProduct.php:0
[29-Oct-2018 21:51:04 UTC] PHP   2. getCategories() /home/ubuntu/workspace/cst336/labs/lab7/addProduct.php:21
[29-Oct-2018 21:51:27 UTC] PHP Fatal error:  Call to a member function prepare() on a non-object in /home/ubuntu/workspace/cst336/labs/lab7/inc/functions.php on line 24
[29-Oct-2018 21:51:27 UTC] PHP Stack trace:
[29-Oct-2018 21:51:27 UTC] PHP   1. {main}() /home/ubuntu/workspace/cst336/labs/lab7/addProduct.php:0
[29-Oct-2018 21:51:27 UTC] PHP   2. getCategories() /home/ubuntu/workspace/cst336/labs/lab7/addProduct.php:22
[29-Oct-2018 21:57:53 UTC] PHP Fatal error:  Call to a member function prepare() on a non-object in /home/ubuntu/workspace/cst336/labs/lab7/inc/functions.php on line 24
[29-Oct-2018 21:57:53 UTC] PHP Stack trace:
[29-Oct-2018 21:57:53 UTC] PHP   1. {main}() /home/ubuntu/workspace/cst336/labs/lab7/addProduct.php:0
[29-Oct-2018 21:57:53 UTC] PHP   2. getCategories() /home/ubuntu/workspace/cst336/labs/lab7/addProduct.php:22
[29-Oct-2018 21:57:57 UTC] PHP Fatal error:  Call to a member function prepare() on a non-object in /home/ubuntu/workspace/cst336/labs/lab7/inc/functions.php on line 24
[29-Oct-2018 21:57:57 UTC] PHP Stack trace:
[29-Oct-2018 21:57:57 UTC] PHP   1. {main}() /home/ubuntu/workspace/cst336/labs/lab7/addProduct.php:0
[29-Oct-2018 21:57:57 UTC] PHP   2. getCategories() /home/ubuntu/workspace/cst336/labs/lab7/addProduct.php:22
[29-Oct-2018 21:58:59 UTC] PHP Fatal error:  Uncaught exception 'PDOException' with message 'SQLSTATE[42S22]: Column not found: 1054 Unknown column 'category' in 'field list'' in /home/ubuntu/workspace/cst336/labs/lab7/inc/functions.php:27
Stack trace:
#0 /home/ubuntu/workspace/cst336/labs/lab7/inc/functions.php(27): PDOStatement->execute()
#1 /home/ubuntu/workspace/cst336/labs/lab7/addProduct.php(22): getCategories()
#2 {main}
  thrown in /home/ubuntu/workspace/cst336/labs/lab7/inc/functions.php on line 27
[07-Dec-2018 19:12:19 UTC] PHP Fatal error:  Uncaught exception 'PDOException' with message 'SQLSTATE[42S02]: Base table or view not found: 1146 Table 'c9.pets' doesn't exist' in /home/ubuntu/workspace/cst336/labs/lab10/pets.php:11
Stack trace:
#0 /home/ubuntu/workspace/cst336/labs/lab10/pets.php(11): PDOStatement->execute()
#1 /home/ubuntu/workspace/cst336/labs/lab10/pets.php(71): getAllPets()
#2 {main}
  thrown in /home/ubuntu/workspace/cst336/labs/lab10/pets.php on line 11
[07-Dec-2018 20:20:26 UTC] PHP Fatal error:  Call to a member function prepare() on a non-object in /home/ubuntu/workspace/cst336/labs/lab10/index.php on line 26
[07-Dec-2018 20:20:26 UTC] PHP Stack trace:
[07-Dec-2018 20:20:26 UTC] PHP   1. {main}() /home/ubuntu/workspace/cst336/labs/lab10/index.php:0
[07-Dec-2018 20:20:26 UTC] PHP   2. getAllPets() /home/ubuntu/workspace/cst336/labs/lab10/index.php:43
[07-Dec-2018 20:22:52 UTC] PHP Fatal error:  Call to a member function prepare() on a non-object in /home/ubuntu/workspace/cst336/labs/lab10/index.php on line 8
[07-Dec-2018 20:22:52 UTC] PHP Stack trace:
[07-Dec-2018 20:22:52 UTC] PHP   1. {main}() /home/ubuntu/workspace/cst336/labs/lab10/index.php:0
[07-Dec-2018 20:22:52 UTC] PHP   2. getAllPets() /home/ubuntu/workspace/cst336/labs/lab10/index.php:42
[07-Dec-2018 22:08:41 UTC] PHP Parse error:  syntax error, unexpected ''pictureURL'' (T_CONSTANT_ENCAPSED_STRING), expecting identifier (T_STRING) or variable (T_VARIABLE) or '{' or '$' in /home/ubuntu/workspace/cst336/labs/lab10/index.php on line 81
[07-Dec-2018 22:08:52 UTC] PHP Parse error:  syntax error, unexpected '[', expecting identifier (T_STRING) or variable (T_VARIABLE) or '{' or '$' in /home/ubuntu/workspace/cst336/labs/lab10/index.php on line 81
[07-Dec-2018 22:11:28 UTC] PHP Parse error:  syntax error, unexpected '' (T_ENCAPSED_AND_WHITESPACE), expecting identifier (T_STRING) or variable (T_VARIABLE) or number (T_NUM_STRING) in /home/ubuntu/workspace/cst336/labs/lab10/index.php on line 82
[07-Dec-2018 22:18:51 UTC] PHP Warning:  Invalid argument supplied for foreach() in /home/ubuntu/workspace/cst336/labs/lab10/index.php on line 69
[07-Dec-2018 22:18:51 UTC] PHP Stack trace:
[07-Dec-2018 22:18:51 UTC] PHP   1. {main}() /home/ubuntu/workspace/cst336/labs/lab10/index.php:0
